     1 00000000                                 ; haribote-ipl
     2 00000000                                 ; TAB=4
     3 00000000                                 
     4                                              ORG 0x7c00 ; ブートセクタが読み込まれるアドレスの開始地点
     5 00007C00                                 
     6 00007C00                                 ; ディスクのための記述
     7 00007C00                                 
     8 00007C00 EB 4E                               JMP entry
     9 00007C02 90                                  DB  0x90
    10 00007C03 48 41 52 49 42 4F 54 45             DB  "HARIBOTE"  ; ブートセレクタの名前を自由に書いて良い(8byte)
    11 00007C0B 0200                                DW  512     ; 1セクタの大きさ
    12 00007C0D 01                                  DB  1   ; クラスタの大きさ
    13 00007C0E 0001                                DW  1   ; FATがどこからはじまるか
    14 00007C10 02                                  DB  2   ; FATの個数
    15 00007C11 00E0                                DW  224 ; ルートディレクトリ領域の大きさ
    16 00007C13 0B40                                Dw  2880    ; このドライブの大きさ
    17 00007C15 F0                                  DB  0xf0    ; メディアタイプ
    18 00007C16 0009                                DW  9       ; FAT領域の長さ
    19 00007C18 0012                                DW  18      ; 1トラックにいくつのセクタがあるか
    20 00007C1A 0002                                DW  2       ; へっどの数
    21 00007C1C 00000000                            DD  0       ; パーティションを使っていないのでここは必ず0
    22 00007C20 00000B40                            DD 2880     ; このドライブの大きさをもう一度描く
    23 00007C24 00 00 29                            DB 0, 0, 0x29   ; よくわからないけどこの値にしておくといいらしい
    24 00007C27 FFFFFFFF                            DD  0xffffffff  ; たぶんボリュームシリアル番号
    25 00007C2B 48 41 52 49 42 4F 54 45 4F 53       DB  "HARIBOTEOS "   ; ディスクの名前(11byte)
       00007C35 20 
    26 00007C36 46 41 54 31 32 20 20 20             DB  "FAT12   "  ; フォーマットの名前(8byte)
    27 00007C3E 00 00 00 00 00 00 00 00 00 00       TIMES   18  DB  0  ; とりあえず18byteあけておく
       00007C48 00 00 00 00 00 00 00 00 
    28 00007C50                                 
    29 00007C50                                 ; Main
    30 00007C50                                 entry:
    31 00007C50 B8 0000                             MOV AX, 0   ; レジスタ初期化
    32 00007C53 8E D0                               MOV SS, AX
    33 00007C55 BC 7C00                             MOV SP, 0x7c00
    34 00007C58 8E D8                               MOV DS, AX
    35 00007C5A                                 
    36 00007C5A                                 
    37 00007C5A                                 ;
    38 00007C5A                                 
    39 00007C5A B8 0820                             MOV AX, 0x0820
    40 00007C5D 8E C0                               MOV ES, AX
    41 00007C5F B5 00                               MOV CH, 0 ; シリンダ0
    42 00007C61 B6 00                               MOV DH, 0 ; ヘッド0
    43 00007C63 B1 02                               MOV CL, 2   ; セクタ2
    44 00007C65                                 
    45 00007C65 B4 02                               MOV AH, 0x02    ; AH=0x02 ディスク読み込み
    46 00007C67 B0 01                               MOV AL, 1       ; 1セクタ
    47 00007C69 BB 0000                             MOV BX, 0       
    48 00007C6C B2 00                               MOV DL, 0x00
    49 00007C6E CD 13                               INT 0x13
    50 00007C70 72 03                               JC  error
    51 00007C72                                 
    52 00007C72                                 
    53 00007C72                                 
    54 00007C72                                 fin: 
    55 00007C72 F4                                  HLT
    56 00007C73 EB FD                               JMP fin
    57 00007C75                                 
    58 00007C75                                 error:
    59 00007C75 B8 0000                             MOV AX, 0
    60 00007C78 8E C0                               MOV ES, AX
    61 00007C7A BE 7C8F                             MOV SI, msg
    62 00007C7D                                 putloop:
    63 00007C7D 8A 04                               MOV AL, [SI]    ; BYTE accumulator low
    64 00007C7F 83 C6 01                            ADD SI, 1   ; 次のメモリの番地を指定
    65 00007C82 3C 00                               CMP AL, 0   ; compare
    66 00007C84 74 EC                               JE  fin     ; AL==0 -> finラベルへ
    67 00007C86 B4 0E                               MOV AH, 0x0e
    68 00007C88 BB 000F                             MOV BX, 15  ; colorcode
    69 00007C8B CD 10                               INT 0x10    ; interrupt BIOS
    70 00007C8D EB EE                               JMP putloop
    71 00007C8F                                 msg:
    72 00007C8F 0A 0A                               DB  0x0a, 0x0a
    73 00007C91 6C 6F 61 64 20 65 72 72 6F 72       DB  "load error"
    74 00007C9B 0A                                  DB  0x0a
    75 00007C9C 00                                  DB  0   ; end msg
    76 00007C9D                                 
    77 00007C9D 00 00 00 00 00 00 00 00 00 00       TIMES   0x7dfe-0x7c00-($-$$)    DB  0
       00007CA7 00 00 00 00 00 00 00 00 00 00 
       00007CB1 00 00 00 00 00 00 00 00 00 00 
       00007CBB 00 00 00 00 00 00 00 00 00 00 
       00007CC5 00 00 00 00 00 00 00 00 00 00 
       00007CCF 00 00 00 00 00 00 00 00 00 00 
       00007CD9 00 00 00 00 00 00 00 00 00 00 
       00007CE3 00 00 00 00 00 00 00 00 00 00 
       00007CED 00 00 00 00 00 00 00 00 00 00 
       00007CF7 00 00 00 00 00 00 00 00 00 00 
       00007D01 00 00 00 00 00 00 00 00 00 00 
       00007D0B 00 00 00 00 00 00 00 00 00 00 
       00007D15 00 00 00 00 00 00 00 00 00 00 
       00007D1F 00 00 00 00 00 00 00 00 00 00 
       00007D29 00 00 00 00 00 00 00 00 00 00 
       00007D33 00 00 00 00 00 00 00 00 00 00 
       00007D3D 00 00 00 00 00 00 00 00 00 00 
       00007D47 00 00 00 00 00 00 00 00 00 00 
       00007D51 00 00 00 00 00 00 00 00 00 00 
       00007D5B 00 00 00 00 00 00 00 00 00 00 
       00007D65 00 00 00 00 00 00 00 00 00 00 
       00007D6F 00 00 00 00 00 00 00 00 00 00 
       00007D79 00 00 00 00 00 00 00 00 00 00 
       00007D83 00 00 00 00 00 00 00 00 00 00 
       00007D8D 00 00 00 00 00 00 00 00 00 00 
       00007D97 00 00 00 00 00 00 00 00 00 00 
       00007DA1 00 00 00 00 00 00 00 00 00 00 
       00007DAB 00 00 00 00 00 00 00 00 00 00 
       00007DB5 00 00 00 00 00 00 00 00 00 00 
       00007DBF 00 00 00 00 00 00 00 00 00 00 
       00007DC9 00 00 00 00 00 00 00 00 00 00 
       00007DD3 00 00 00 00 00 00 00 00 00 00 
       00007DDD 00 00 00 00 00 00 00 00 00 00 
       00007DE7 00 00 00 00 00 00 00 00 00 00 
       00007DF1 00 00 00 00 00 00 00 00 00 00 
       00007DFB 00 00 00 
    78 00007DFE                                 
    79 00007DFE 55 AA                               DB  0x55, 0xaa