     1 00000000                                 ; haribote-ipl
     2 00000000                                 ; TAB=4
     3 00000000                                 
     4                                              ORG 0x7c00 ; ブートセクタが読み込まれるアドレスの開始地点
     5 00007C00                                 
     6 00007C00                                 ; ディスクのための記述
     7 00007C00                                 
     8 00007C00 EB 4E                               JMP entry
     9 00007C02 90                                  DB  0x90
    10 00007C03 48 41 52 49 42 4F 54 45             DB  "HARIBOTE"  ; ブートセレクタの名前を自由に書いて良い(8byte)
    11 00007C0B 0200                                DW  512     ; 1セクタの大きさ
    12 00007C0D 01                                  DB  1   ; クラスタの大きさ
    13 00007C0E 0001                                DW  1   ; FATがどこからはじまるか
    14 00007C10 02                                  DB  2   ; FATの個数
    15 00007C11 00E0                                DW  224 ; ルートディレクトリ領域の大きさ
    16 00007C13 0B40                                Dw  2880    ; このドライブの大きさ
    17 00007C15 F0                                  DB  0xf0    ; メディアタイプ
    18 00007C16 0009                                DW  9       ; FAT領域の長さ
    19 00007C18 0012                                DW  18      ; 1トラックにいくつのセクタがあるか
    20 00007C1A 0002                                DW  2       ; へっどの数
    21 00007C1C 00000000                            DD  0       ; パーティションを使っていないのでここは必ず0
    22 00007C20 00000B40                            DD 2880     ; このドライブの大きさをもう一度描く
    23 00007C24 00 00 29                            DB 0, 0, 0x29   ; よくわからないけどこの値にしておくといいらしい
    24 00007C27 FFFFFFFF                            DD  0xffffffff  ; たぶんボリュームシリアル番号
    25 00007C2B 48 41 52 49 42 4F 54 45 4F 53       DB  "HARIBOTEOS "   ; ディスクの名前(11byte)
       00007C35 20 
    26 00007C36 46 41 54 31 32 20 20 20             DB  "FAT12   "  ; フォーマットの名前(8byte)
    27 00007C3E 00 00 00 00 00 00 00 00 00 00       TIMES   18  DB  0  ; とりあえず18byteあけておく
       00007C48 00 00 00 00 00 00 00 00 
    28 00007C50                                 
    29 00007C50                                 ; Main
    30 00007C50                                 entry:
    31 00007C50 B8 0000                             MOV AX, 0   ; レジスタ初期化
    32 00007C53 8E D0                               MOV SS, AX
    33 00007C55 BC 7C00                             MOV SP, 0x7c00
    34 00007C58 8E D8                               MOV DS, AX
    35 00007C5A                                 
    36 00007C5A                                 
    37 00007C5A                                 ;
    38 00007C5A                                 
    39 00007C5A B8 0820                             MOV AX, 0x0820
    40 00007C5D 8E C0                               MOV ES, AX
    41 00007C5F B5 00                               MOV CH, 0 ; シリンダ0
    42 00007C61 B6 00                               MOV DH, 0 ; ヘッド0
    43 00007C63 B1 02                               MOV CL, 2   ; セクタ2
    44 00007C65                                 readloop:
    45 00007C65 BE 0000                             MOV SI, 0
    46 00007C68                                 retry:
    47 00007C68 B4 02                               MOV AH, 0x02    ; AH=0x02 ディスク読み込み
    48 00007C6A B0 01                               MOV AL, 1       ; 1セクタ
    49 00007C6C BB 0000                             MOV BX, 0       
    50 00007C6F B2 00                               MOV DL, 0x00
    51 00007C71 CD 13                               INT 0x13
    52 00007C73 73 10                               JNC next    ; エラーが起きなければネクストへ
    53 00007C75 83 C6 01                            ADD SI, 1   ; SIに1を足す
    54 00007C78 83 FE 05                            CMP SI, 5   ; 比較
    55 00007C7B 73 1A                               JAE error   ; SI >=5 でジャンプ
    56 00007C7D B4 00                               MOV AH, 0x00
    57 00007C7F B2 00                               MOV DL, 0x00    ; Aドライブ
    58 00007C81 CD 13                               INT 0x13
    59 00007C83 EB E3                               JMP retry
    60 00007C85                                 next:
    61 00007C85 8C C0                               MOV AX, ES
    62 00007C87 05 0020                             ADD AX, 0x0020
    63 00007C8A 8E C0                               MOV ES, AX
    64 00007C8C 80 C1 01                            ADD CL, 1
    65 00007C8F 80 F9 12                            CMP CL, 18
    66 00007C92 76 D1                               JBE readloop    ; CL <= 18
    67 00007C94                                 
    68 00007C94                                 
    69 00007C94                                 
    70 00007C94                                 fin: 
    71 00007C94 F4                                  HLT
    72 00007C95 EB FD                               JMP fin
    73 00007C97                                 
    74 00007C97                                 error:
    75 00007C97 B8 0000                             MOV AX, 0
    76 00007C9A 8E C0                               MOV ES, AX
    77 00007C9C BE 7CB1                             MOV SI, msg
    78 00007C9F                                 putloop:
    79 00007C9F 8A 04                               MOV AL, [SI]    ; BYTE accumulator low
    80 00007CA1 83 C6 01                            ADD SI, 1   ; 次のメモリの番地を指定
    81 00007CA4 3C 00                               CMP AL, 0   ; compare
    82 00007CA6 74 EC                               JE  fin     ; AL==0 -> finラベルへ
    83 00007CA8 B4 0E                               MOV AH, 0x0e
    84 00007CAA BB 000F                             MOV BX, 15  ; colorcode
    85 00007CAD CD 10                               INT 0x10    ; interrupt BIOS
    86 00007CAF EB EE                               JMP putloop
    87 00007CB1                                 msg:
    88 00007CB1 0A 0A                               DB  0x0a, 0x0a
    89 00007CB3 6C 6F 61 64 20 65 72 72 6F 72       DB  "load error"
    90 00007CBD 0A                                  DB  0x0a
    91 00007CBE 00                                  DB  0   ; end msg
    92 00007CBF                                 
    93 00007CBF 00 00 00 00 00 00 00 00 00 00       TIMES   0x7dfe-0x7c00-($-$$)    DB  0
       00007CC9 00 00 00 00 00 00 00 00 00 00 
       00007CD3 00 00 00 00 00 00 00 00 00 00 
       00007CDD 00 00 00 00 00 00 00 00 00 00 
       00007CE7 00 00 00 00 00 00 00 00 00 00 
       00007CF1 00 00 00 00 00 00 00 00 00 00 
       00007CFB 00 00 00 00 00 00 00 00 00 00 
       00007D05 00 00 00 00 00 00 00 00 00 00 
       00007D0F 00 00 00 00 00 00 00 00 00 00 
       00007D19 00 00 00 00 00 00 00 00 00 00 
       00007D23 00 00 00 00 00 00 00 00 00 00 
       00007D2D 00 00 00 00 00 00 00 00 00 00 
       00007D37 00 00 00 00 00 00 00 00 00 00 
       00007D41 00 00 00 00 00 00 00 00 00 00 
       00007D4B 00 00 00 00 00 00 00 00 00 00 
       00007D55 00 00 00 00 00 00 00 00 00 00 
       00007D5F 00 00 00 00 00 00 00 00 00 00 
       00007D69 00 00 00 00 00 00 00 00 00 00 
       00007D73 00 00 00 00 00 00 00 00 00 00 
       00007D7D 00 00 00 00 00 00 00 00 00 00 
       00007D87 00 00 00 00 00 00 00 00 00 00 
       00007D91 00 00 00 00 00 00 00 00 00 00 
       00007D9B 00 00 00 00 00 00 00 00 00 00 
       00007DA5 00 00 00 00 00 00 00 00 00 00 
       00007DAF 00 00 00 00 00 00 00 00 00 00 
       00007DB9 00 00 00 00 00 00 00 00 00 00 
       00007DC3 00 00 00 00 00 00 00 00 00 00 
       00007DCD 00 00 00 00 00 00 00 00 00 00 
       00007DD7 00 00 00 00 00 00 00 00 00 00 
       00007DE1 00 00 00 00 00 00 00 00 00 00 
       00007DEB 00 00 00 00 00 00 00 00 00 00 
       00007DF5 00 00 00 00 00 00 00 00 00 
    94 00007DFE                                 
    95 00007DFE 55 AA                               DB  0x55, 0xaa