     1 00000000                                 ; haribote-ipl
     2 00000000                                 ; TAB=4
     3 00000000                                 
     4  = 0000000A                              CYLS    EQU 10  ;シリンダ10個分
     5 00000000                                 
     6                                              ORG 0x7c00 ; ブートセクタが読み込まれるアドレスの開始地点
     7 00007C00                                 
     8 00007C00                                 ; ディスクのための記述
     9 00007C00                                 
    10 00007C00 EB 4E                               JMP entry
    11 00007C02 90                                  DB  0x90
    12 00007C03 48 41 52 49 42 4F 54 45             DB  "HARIBOTE"  ; ブートセレクタの名前を自由に書いて良い(8byte)
    13 00007C0B 0200                                DW  512     ; 1セクタの大きさ
    14 00007C0D 01                                  DB  1   ; クラスタの大きさ
    15 00007C0E 0001                                DW  1   ; FATがどこからはじまるか
    16 00007C10 02                                  DB  2   ; FATの個数
    17 00007C11 00E0                                DW  224 ; ルートディレクトリ領域の大きさ
    18 00007C13 0B40                                Dw  2880    ; このドライブの大きさ
    19 00007C15 F0                                  DB  0xf0    ; メディアタイプ
    20 00007C16 0009                                DW  9       ; FAT領域の長さ
    21 00007C18 0012                                DW  18      ; 1トラックにいくつのセクタがあるか
    22 00007C1A 0002                                DW  2       ; へっどの数
    23 00007C1C 00000000                            DD  0       ; パーティションを使っていないのでここは必ず0
    24 00007C20 00000B40                            DD 2880     ; このドライブの大きさをもう一度描く
    25 00007C24 00 00 29                            DB 0, 0, 0x29   ; よくわからないけどこの値にしておくといいらしい
    26 00007C27 FFFFFFFF                            DD  0xffffffff  ; たぶんボリュームシリアル番号
    27 00007C2B 48 41 52 49 42 4F 54 45 4F 53       DB  "HARIBOTEOS "   ; ディスクの名前(11byte)
       00007C35 20 
    28 00007C36 46 41 54 31 32 20 20 20             DB  "FAT12   "  ; フォーマットの名前(8byte)
    29 00007C3E 00 00 00 00 00 00 00 00 00 00       TIMES   18  DB  0  ; とりあえず18byteあけておく
       00007C48 00 00 00 00 00 00 00 00 
    30 00007C50                                 
    31 00007C50                                 ; Main
    32 00007C50                                 entry:
    33 00007C50 B8 0000                             MOV AX, 0   ; レジスタ初期化
    34 00007C53 8E D0                               MOV SS, AX
    35 00007C55 BC 7C00                             MOV SP, 0x7c00
    36 00007C58 8E D8                               MOV DS, AX
    37 00007C5A                                 
    38 00007C5A                                 
    39 00007C5A                                 ;
    40 00007C5A                                 
    41 00007C5A B8 0820                             MOV AX, 0x0820
    42 00007C5D 8E C0                               MOV ES, AX
    43 00007C5F B5 00                               MOV CH, 0 ; シリンダ0
    44 00007C61 B6 00                               MOV DH, 0 ; ヘッド0
    45 00007C63 B1 02                               MOV CL, 2   ; セクタ2
    46 00007C65                                 readloop:
    47 00007C65 BE 0000                             MOV SI, 0
    48 00007C68                                 retry:
    49 00007C68 B4 02                               MOV AH, 0x02    ; AH=0x02 ディスク読み込み
    50 00007C6A B0 01                               MOV AL, 1       ; 1セクタ
    51 00007C6C BB 0000                             MOV BX, 0       
    52 00007C6F B2 00                               MOV DL, 0x00
    53 00007C71 CD 13                               INT 0x13
    54 00007C73 73 10                               JNC next    ; エラーが起きなければネクストへ
    55 00007C75 83 C6 01                            ADD SI, 1   ; SIに1を足す
    56 00007C78 83 FE 05                            CMP SI, 5   ; 比較
    57 00007C7B 73 2E                               JAE error   ; SI >=5 でジャンプ
    58 00007C7D B4 00                               MOV AH, 0x00
    59 00007C7F B2 00                               MOV DL, 0x00    ; Aドライブ
    60 00007C81 CD 13                               INT 0x13
    61 00007C83 EB E3                               JMP retry
    62 00007C85                                 next:
    63 00007C85 8C C0                               MOV AX, ES
    64 00007C87 05 0020                             ADD AX, 0x0020
    65 00007C8A 8E C0                               MOV ES, AX
    66 00007C8C 80 C1 01                            ADD CL, 1
    67 00007C8F 80 F9 12                            CMP CL, 18
    68 00007C92 76 D1                               JBE readloop    ; CL <= 18
    69 00007C94 B1 01                               MOV CL, 1
    70 00007C96 80 C6 01                            ADD DH, 1
    71 00007C99 80 FE 02                            CMP DH, 2
    72 00007C9C 72 C7                               JB  readloop ; DH < 2
    73 00007C9E B6 00                               MOV DH, 0
    74 00007CA0 80 C5 01                            ADD CH, 1
    75 00007CA3 80 FD 0A                            CMP CH, CYLS
    76 00007CA6 72 BD                               JB  readloop    ; CH < CYLS
    77 00007CA8                                 
    78 00007CA8                                 
    79 00007CA8                                 
    80 00007CA8                                 fin: 
    81 00007CA8 F4                                  HLT
    82 00007CA9 EB FD                               JMP fin
    83 00007CAB                                 
    84 00007CAB                                 error:
    85 00007CAB B8 0000                             MOV AX, 0
    86 00007CAE 8E C0                               MOV ES, AX
    87 00007CB0 BE 7CC5                             MOV SI, msg
    88 00007CB3                                 putloop:
    89 00007CB3 8A 04                               MOV AL, [SI]    ; BYTE accumulator low
    90 00007CB5 83 C6 01                            ADD SI, 1   ; 次のメモリの番地を指定
    91 00007CB8 3C 00                               CMP AL, 0   ; compare
    92 00007CBA 74 EC                               JE  fin     ; AL==0 -> finラベルへ
    93 00007CBC B4 0E                               MOV AH, 0x0e
    94 00007CBE BB 000F                             MOV BX, 15  ; colorcode
    95 00007CC1 CD 10                               INT 0x10    ; interrupt BIOS
    96 00007CC3 EB EE                               JMP putloop
    97 00007CC5                                 msg:
    98 00007CC5 0A 0A                               DB  0x0a, 0x0a
    99 00007CC7 6C 6F 61 64 20 65 72 72 6F 72       DB  "load error"
   100 00007CD1 0A                                  DB  0x0a
   101 00007CD2 00                                  DB  0   ; end msg
   102 00007CD3                                 
   103 00007CD3 00 00 00 00 00 00 00 00 00 00       TIMES   0x7dfe-0x7c00-($-$$)    DB  0
       00007CDD 00 00 00 00 00 00 00 00 00 00 
       00007CE7 00 00 00 00 00 00 00 00 00 00 
       00007CF1 00 00 00 00 00 00 00 00 00 00 
       00007CFB 00 00 00 00 00 00 00 00 00 00 
       00007D05 00 00 00 00 00 00 00 00 00 00 
       00007D0F 00 00 00 00 00 00 00 00 00 00 
       00007D19 00 00 00 00 00 00 00 00 00 00 
       00007D23 00 00 00 00 00 00 00 00 00 00 
       00007D2D 00 00 00 00 00 00 00 00 00 00 
       00007D37 00 00 00 00 00 00 00 00 00 00 
       00007D41 00 00 00 00 00 00 00 00 00 00 
       00007D4B 00 00 00 00 00 00 00 00 00 00 
       00007D55 00 00 00 00 00 00 00 00 00 00 
       00007D5F 00 00 00 00 00 00 00 00 00 00 
       00007D69 00 00 00 00 00 00 00 00 00 00 
       00007D73 00 00 00 00 00 00 00 00 00 00 
       00007D7D 00 00 00 00 00 00 00 00 00 00 
       00007D87 00 00 00 00 00 00 00 00 00 00 
       00007D91 00 00 00 00 00 00 00 00 00 00 
       00007D9B 00 00 00 00 00 00 00 00 00 00 
       00007DA5 00 00 00 00 00 00 00 00 00 00 
       00007DAF 00 00 00 00 00 00 00 00 00 00 
       00007DB9 00 00 00 00 00 00 00 00 00 00 
       00007DC3 00 00 00 00 00 00 00 00 00 00 
       00007DCD 00 00 00 00 00 00 00 00 00 00 
       00007DD7 00 00 00 00 00 00 00 00 00 00 
       00007DE1 00 00 00 00 00 00 00 00 00 00 
       00007DEB 00 00 00 00 00 00 00 00 00 00 
       00007DF5 00 00 00 00 00 00 00 00 00 
   104 00007DFE                                 
   105 00007DFE 55 AA                               DB  0x55, 0xaa